

*******************************************************************************
Thu Dec  1 14:28:55 2016


FIT:    data read from "variar_h.dat" u 1:2
        format = x:z
        #datapoints = 11
        residuals are weighted equally (unit weight)

function used for fitting: f(x)
fitted parameters initialized with current variable values



 Iteration 0
 WSSR        : 0.0726966         delta(WSSR)/WSSR   : 0
 delta(WSSR) : 0                 limit for stopping : 1e-05
 lambda	  : 0.154405

initial set of free parameter values

a               = 1
b               = 1

After 9 iterations the fit converged.
final sum of squares of residuals : 2.73329e-12
rel. change during last iteration : -1.01895e-08

degrees of freedom    (FIT_NDF)                        : 9
rms of residuals      (FIT_STDFIT) = sqrt(WSSR/ndf)    : 5.51089e-07
variance of residuals (reduced chisquare) = WSSR/ndf   : 3.03699e-13

Final set of parameters            Asymptotic Standard Error
=======================            ==========================

a               = 0.332265         +/- 0.0002481    (0.07468%)
b               = 2.00381          +/- 0.0003263    (0.01628%)


correlation matrix of the fit parameters:

               a      b      
a               1.000 
b               0.997  1.000 


*******************************************************************************
Thu Dec  1 14:29:35 2016


FIT:    data read from "variar_h.dat" u 1:3
        format = x:z
        #datapoints = 11
        residuals are weighted equally (unit weight)

function used for fitting: f(x)
fitted parameters initialized with current variable values



 Iteration 0
 WSSR        : 7.7463e-05        delta(WSSR)/WSSR   : 0
 delta(WSSR) : 0                 limit for stopping : 1e-05
 lambda	  : 0.00716887

initial set of free parameter values

a               = 0.332265
b               = 2.00381

After 107 iterations the fit converged.
final sum of squares of residuals : 1.09369e-16
rel. change during last iteration : -2.84074e-07

degrees of freedom    (FIT_NDF)                        : 9
rms of residuals      (FIT_STDFIT) = sqrt(WSSR/ndf)    : 3.48598e-09
variance of residuals (reduced chisquare) = WSSR/ndf   : 1.21521e-17

Final set of parameters            Asymptotic Standard Error
=======================            ==========================

a               = 0.313217         +/- 0.0002319    (0.07404%)
b               = 4.0056           +/- 0.0003374    (0.008424%)


correlation matrix of the fit parameters:

               a      b      
a               1.000 
b               0.999  1.000 


*******************************************************************************
Thu Dec  1 14:34:34 2016


FIT:    data read from "variar_h.dat" u 1:3
        format = x:z
        #datapoints = 11
        residuals are weighted equally (unit weight)

function used for fitting: f(x)
fitted parameters initialized with current variable values



 Iteration 0
 WSSR        : 0.0773934         delta(WSSR)/WSSR   : 0
 delta(WSSR) : 0                 limit for stopping : 1e-05
 lambda	  : 0.154405

initial set of free parameter values

a               = 1
b               = 1

After 20 iterations the fit converged.
final sum of squares of residuals : 1.09369e-16
rel. change during last iteration : -1.03052e-06

degrees of freedom    (FIT_NDF)                        : 9
rms of residuals      (FIT_STDFIT) = sqrt(WSSR/ndf)    : 3.48598e-09
variance of residuals (reduced chisquare) = WSSR/ndf   : 1.21521e-17

Final set of parameters            Asymptotic Standard Error
=======================            ==========================

a               = 0.313217         +/- 0.0002319    (0.07404%)
b               = 4.0056           +/- 0.0003374    (0.008424%)


correlation matrix of the fit parameters:

               a      b      
a               1.000 
b               0.999  1.000 


*******************************************************************************
Thu Dec  1 14:34:44 2016


FIT:    data read from "variar_h.dat" u 1:2
        format = x:z
        #datapoints = 11
        residuals are weighted equally (unit weight)

function used for fitting: f(x)
fitted parameters initialized with current variable values



 Iteration 0
 WSSR        : 7.7463e-05        delta(WSSR)/WSSR   : 0
 delta(WSSR) : 0                 limit for stopping : 1e-05
 lambda	  : 7.87888e-05

initial set of free parameter values

a               = 0.313217
b               = 4.0056

After 88 iterations the fit converged.
final sum of squares of residuals : 2.73329e-12
rel. change during last iteration : -2.97722e-08

degrees of freedom    (FIT_NDF)                        : 9
rms of residuals      (FIT_STDFIT) = sqrt(WSSR/ndf)    : 5.51089e-07
variance of residuals (reduced chisquare) = WSSR/ndf   : 3.03699e-13

Final set of parameters            Asymptotic Standard Error
=======================            ==========================

a               = 0.332265         +/- 0.0002481    (0.07468%)
b               = 2.00381          +/- 0.0003263    (0.01628%)


correlation matrix of the fit parameters:

               a      b      
a               1.000 
b               0.997  1.000 


*******************************************************************************
Thu Dec  1 15:49:39 2016


FIT:    data read from "error_h2_h4.dat"
        format = z
        #datapoints = 1001
        residuals are weighted equally (unit weight)

function used for fitting: f(x)


*******************************************************************************
Thu Dec  1 15:49:45 2016


FIT:    data read from "error_h2_h4.dat" u 1:2
        format = x:z
        #datapoints = 1001
        residuals are weighted equally (unit weight)

function used for fitting: f(x)
fitted parameters initialized with current variable values



 Iteration 0
 WSSR        : 21365.2           delta(WSSR)/WSSR   : 0
 delta(WSSR) : 0                 limit for stopping : 1e-05
 lambda	  : 6.66907

initial set of free parameter values

a               = 1
b               = 1
BREAK:          Undefined value during function evaluation



*******************************************************************************
Thu Dec  1 15:49:58 2016


FIT:    data read from "variar_h.dat" u 1:2
        format = x:z
        #datapoints = 11
        residuals are weighted equally (unit weight)

function used for fitting: f(x)
fitted parameters initialized with current variable values



 Iteration 0
 WSSR        : 1.29783e+53       delta(WSSR)/WSSR   : 0
 delta(WSSR) : 0                 limit for stopping : 1e-05
 lambda	  : 2.46291e+29

initial set of free parameter values

a               = 0.000311852
b               = -21.5049

The maximum lambda = 1.000000e+20 was exceeded. Fit stopped.
final sum of squares of residuals : 2.45348e+50
rel. change during last iteration : -527.976

degrees of freedom    (FIT_NDF)                        : 9
rms of residuals      (FIT_STDFIT) = sqrt(WSSR/ndf)    : 5.2212e+24
variance of residuals (reduced chisquare) = WSSR/ndf   : 2.72609e+49

Final set of parameters            Asymptotic Standard Error
=======================            ==========================

a               = 1.35591e-05      +/- 0.003889     (2.868e+04%)
b               = -21.5049         +/- 86.06        (400.2%)


correlation matrix of the fit parameters:

               a      b      
a               1.000 
b               1.000  1.000 


*******************************************************************************
Thu Dec  1 15:50:37 2016


FIT:    data read from "variar_h.dat" u 1:2
        format = x:z
        #datapoints = 11
        residuals are weighted equally (unit weight)

function used for fitting: f(x)
fitted parameters initialized with current variable values



 Iteration 0
 WSSR        : 2.45348e+50       delta(WSSR)/WSSR   : 0
 delta(WSSR) : 0                 limit for stopping : 1e-05
 lambda	  : 2.46291e+29

initial set of free parameter values

a               = 1.35591e-05
b               = -21.5049

The maximum lambda = 1.000000e+20 was exceeded. Fit stopped.
final sum of squares of residuals : 4.63797e+47
rel. change during last iteration : -528

degrees of freedom    (FIT_NDF)                        : 9
rms of residuals      (FIT_STDFIT) = sqrt(WSSR/ndf)    : 2.27009e+23
variance of residuals (reduced chisquare) = WSSR/ndf   : 5.1533e+46

Final set of parameters            Asymptotic Standard Error
=======================            ==========================

a               = 5.89527e-07      +/- 0.0001691    (2.868e+04%)
b               = -21.5049         +/- 86.06        (400.2%)


correlation matrix of the fit parameters:

               a      b      
a               1.000 
b               1.000  1.000 


*******************************************************************************
Thu Dec  1 15:51:17 2016


FIT:    data read from "variar_h.dat" u 1:2
        format = x:z
        #datapoints = 11
        residuals are weighted equally (unit weight)

function used for fitting: f(x)
fitted parameters initialized with current variable values



 Iteration 0
 WSSR        : 0.0726966         delta(WSSR)/WSSR   : 0
 delta(WSSR) : 0                 limit for stopping : 1e-05
 lambda	  : 0.154405

initial set of free parameter values

a               = 1
b               = 1

After 9 iterations the fit converged.
final sum of squares of residuals : 2.73329e-12
rel. change during last iteration : -1.01895e-08

degrees of freedom    (FIT_NDF)                        : 9
rms of residuals      (FIT_STDFIT) = sqrt(WSSR/ndf)    : 5.51089e-07
variance of residuals (reduced chisquare) = WSSR/ndf   : 3.03699e-13

Final set of parameters            Asymptotic Standard Error
=======================            ==========================

a               = 0.332265         +/- 0.0002481    (0.07468%)
b               = 2.00381          +/- 0.0003263    (0.01628%)


correlation matrix of the fit parameters:

               a      b      
a               1.000 
b               0.997  1.000 


*******************************************************************************
Thu Dec  1 15:53:28 2016


FIT:    data read from "variar_h.dat" u 1:3
        format = x:z
        #datapoints = 11
        residuals are weighted equally (unit weight)

function used for fitting: f(x)
fitted parameters initialized with current variable values



 Iteration 0
 WSSR        : 7.7463e-05        delta(WSSR)/WSSR   : 0
 delta(WSSR) : 0                 limit for stopping : 1e-05
 lambda	  : 0.00716887

initial set of free parameter values

a               = 0.332265
b               = 2.00381

After 107 iterations the fit converged.
final sum of squares of residuals : 1.09369e-16
rel. change during last iteration : -2.84074e-07

degrees of freedom    (FIT_NDF)                        : 9
rms of residuals      (FIT_STDFIT) = sqrt(WSSR/ndf)    : 3.48598e-09
variance of residuals (reduced chisquare) = WSSR/ndf   : 1.21521e-17

Final set of parameters            Asymptotic Standard Error
=======================            ==========================

a               = 0.313217         +/- 0.0002319    (0.07404%)
b               = 4.0056           +/- 0.0003374    (0.008424%)


correlation matrix of the fit parameters:

               a      b      
a               1.000 
b               0.999  1.000 
